<?xml version="1.0" encoding="UTF-8"?>
<!-- Generated by org.testng.reporters.JUnitXMLReporter -->
<testsuite ignored="0" hostname="LAPTOP-ASE4VAH9" failures="0" tests="3" name="Test" time="25.882" errors="0" timestamp="2025-02-09T16:01:34 IST">
  <testcase classname="testCases.AccountRegistrationTest" name="verifyaccountregistration" time="5.115"/>
  <testcase classname="testCases.LoginTest" name="verifylogin" time="3.246"/>
  <testcase classname="testCases.SearchProduct" name="verifysearchproduct" time="1.131"/>
</testsuite> <!-- Test -->
