<?xml version="1.0" encoding="UTF-8"?>
<!-- Generated by org.testng.reporters.JUnitXMLReporter -->
<testsuite ignored="0" hostname="LAPTOP-ASE4VAH9" failures="0" tests="6" name="Test" time="66.737" errors="0" timestamp="2025-05-09T09:39:50 IST">
  <testcase classname="testCases.LoginDDT" name="verify_loginDDT" time="4.062"/>
  <testcase classname="testCases.LoginDDT" name="verify_loginDDT" time="12.684"/>
  <testcase classname="testCases.LoginDDT" name="verify_loginDDT" time="12.549"/>
  <testcase classname="testCases.LoginDDT" name="verify_loginDDT" time="12.246"/>
  <testcase classname="testCases.LoginDDT" name="verify_loginDDT" time="4.096"/>
  <testcase classname="testCases.LoginDDT" name="verify_loginDDT" time="12.573"/>
</testsuite> <!-- Test -->
