<?xml version="1.0" encoding="UTF-8"?>
<!-- Generated by org.testng.reporters.JUnitXMLReporter -->
<testsuite ignored="0" hostname="LAPTOP-ASE4VAH9" failures="0" tests="6" name="Test" time="53.969" errors="0" timestamp="2025-03-14T10:50:07 IST">
  <testcase classname="testCases.LoginDDT" name="verify_loginDDT" time="1.6"/>
  <testcase classname="testCases.LoginDDT" name="verify_loginDDT" time="10.561"/>
  <testcase classname="testCases.LoginDDT" name="verify_loginDDT" time="10.975"/>
  <testcase classname="testCases.LoginDDT" name="verify_loginDDT" time="11.389"/>
  <testcase classname="testCases.LoginDDT" name="verify_loginDDT" time="1.653"/>
  <testcase classname="testCases.LoginDDT" name="verify_loginDDT" time="10.614"/>
</testsuite> <!-- Test -->
