<?xml version="1.0" encoding="UTF-8"?>
<!-- Generated by org.testng.reporters.JUnitXMLReporter -->
<testsuite ignored="0" hostname="LAPTOP-ASE4VAH9" failures="0" tests="2" name="Linux-Firefox" time="0.147" errors="0" timestamp="2025-05-07T15:59:15 IST">
  <testcase classname="testCases.AccountRegistrationTest" name="verifyaccountregistration" time="0.0">
    <skipped/>
  </testcase> <!-- verifyaccountregistration -->
  <testcase classname="testCases.LoginTest" name="verifylogin" time="0.0">
    <skipped/>
  </testcase> <!-- verifylogin -->
</testsuite> <!-- Linux-Firefox -->
