<?xml version="1.0" encoding="UTF-8"?>
<!-- Generated by org.testng.reporters.JUnitXMLReporter -->
<testsuite ignored="0" hostname="LAPTOP-ASE4VAH9" failures="0" tests="3" name="Test" time="41.018" errors="0" timestamp="2025-04-18T08:31:13 IST">
  <testcase classname="testCases.AccountRegistrationTest" name="verifyaccountregistration" time="7.874"/>
  <testcase classname="testCases.LoginTest" name="verifylogin" time="3.992"/>
  <testcase classname="testCases.SearchProduct" name="verifysearchproduct" time="1.976"/>
</testsuite> <!-- Test -->
