<?xml version="1.0" encoding="UTF-8"?>
<testng-results ignored="0" total="1" passed="1" failed="0" skipped="0">
  <reporter-output>
  </reporter-output>
  <suite started-at="2025-06-07T15:17:28 IST" name="Master Suite" finished-at="2025-06-07T15:17:45 IST" duration-ms="17749">
    <groups>
      <group name="Master">
        <method signature="AddToCartPageTest.verify_addToCart()[pri:0, instance:testCases.AddToCartPageTest@5609159b]" name="verify_addToCart" class="testCases.AddToCartPageTest"/>
      </group> <!-- Master -->
    </groups>
    <test started-at="2025-06-07T15:17:28 IST" name="Test" finished-at="2025-06-07T15:17:45 IST" duration-ms="17749">
      <class name="testCases.AddToCartPageTest">
        <test-method is-config="true" signature="setup(java.lang.String,java.lang.String)[pri:0, instance:testCases.AddToCartPageTest@5609159b]" started-at="2025-06-07T15:17:28 IST" name="setup" finished-at="2025-06-07T15:17:39 IST" duration-ms="10766" status="PASS">
          <params>
            <param index="0">
              <value>
                <![CDATA[Windows]]>
              </value>
            </param>
            <param index="1">
              <value>
                <![CDATA[chrome]]>
              </value>
            </param>
          </params>
          <reporter-output>
          </reporter-output>
        </test-method> <!-- setup -->
        <test-method signature="verify_addToCart()[pri:0, instance:testCases.AddToCartPageTest@5609159b]" started-at="2025-06-07T15:17:39 IST" name="verify_addToCart" finished-at="2025-06-07T15:17:44 IST" duration-ms="5368" status="PASS">
          <reporter-output>
          </reporter-output>
        </test-method> <!-- verify_addToCart -->
        <test-method is-config="true" signature="tearDown()[pri:0, instance:testCases.AddToCartPageTest@5609159b]" started-at="2025-06-07T15:17:44 IST" name="tearDown" finished-at="2025-06-07T15:17:45 IST" duration-ms="944" status="PASS">
          <reporter-output>
          </reporter-output>
        </test-method> <!-- tearDown -->
      </class> <!-- testCases.AddToCartPageTest -->
    </test> <!-- Test -->
  </suite> <!-- Master Suite -->
</testng-results>
