<?xml version="1.0" encoding="UTF-8"?>
<testng-results ignored="0" total="1" passed="1" failed="0" skipped="0">
  <reporter-output>
  </reporter-output>
  <suite started-at="2025-06-08T11:45:28 IST" name="Master Suite" finished-at="2025-06-08T11:46:40 IST" duration-ms="71981">
    <groups>
      <group name="Master">
        <method signature="EndToEndTest.endToendTest()[pri:0, instance:testCases.EndToEndTest@7905a0b8]" name="endToendTest" class="testCases.EndToEndTest"/>
      </group> <!-- Master -->
    </groups>
    <test started-at="2025-06-08T11:45:28 IST" name="Test" finished-at="2025-06-08T11:46:40 IST" duration-ms="71981">
      <class name="testCases.EndToEndTest">
        <test-method is-config="true" signature="setup(java.lang.String,java.lang.String)[pri:0, instance:testCases.EndToEndTest@7905a0b8]" started-at="2025-06-08T11:45:29 IST" name="setup" finished-at="2025-06-08T11:45:38 IST" duration-ms="8651" status="PASS">
          <params>
            <param index="0">
              <value>
                <![CDATA[Windows]]>
              </value>
            </param>
            <param index="1">
              <value>
                <![CDATA[chrome]]>
              </value>
            </param>
          </params>
          <reporter-output>
          </reporter-output>
        </test-method> <!-- setup -->
        <test-method signature="endToendTest()[pri:0, instance:testCases.EndToEndTest@7905a0b8]" started-at="2025-06-08T11:45:38 IST" name="endToendTest" finished-at="2025-06-08T11:46:39 IST" duration-ms="61012" status="PASS">
          <reporter-output>
          </reporter-output>
        </test-method> <!-- endToendTest -->
        <test-method is-config="true" signature="tearDown()[pri:0, instance:testCases.EndToEndTest@7905a0b8]" started-at="2025-06-08T11:46:39 IST" name="tearDown" finished-at="2025-06-08T11:46:40 IST" duration-ms="1158" status="PASS">
          <reporter-output>
          </reporter-output>
        </test-method> <!-- tearDown -->
      </class> <!-- testCases.EndToEndTest -->
    </test> <!-- Test -->
  </suite> <!-- Master Suite -->
</testng-results>
