<?xml version="1.0" encoding="UTF-8"?>
<testng-results ignored="0" total="2" passed="2" failed="0" skipped="0">
  <reporter-output>
  </reporter-output>
  <suite started-at="2025-01-04T22:15:43 IST" name="Master Suite" finished-at="2025-01-04T22:15:51 IST" duration-ms="7356">
    <groups>
      <group name="Master">
        <method signature="AccountRegistrationTest.verifyaccountregistration()[pri:0, instance:testCases.AccountRegistrationTest@2cf23c81]" name="verifyaccountregistration" class="testCases.AccountRegistrationTest"/>
      </group> <!-- Master -->
      <group name="Sanity">
        <method signature="LoginTest.verifylogin()[pri:0, instance:testCases.LoginTest@94f6bfb]" name="verifylogin" class="testCases.LoginTest"/>
      </group> <!-- Sanity -->
      <group name="Regression">
        <method signature="AccountRegistrationTest.verifyaccountregistration()[pri:0, instance:testCases.AccountRegistrationTest@2cf23c81]" name="verifyaccountregistration" class="testCases.AccountRegistrationTest"/>
      </group> <!-- Regression -->
    </groups>
    <test started-at="2025-01-04T22:15:43 IST" name="Test" finished-at="2025-01-04T22:15:51 IST" duration-ms="7356">
      <class name="testCases.LoginTest">
        <test-method is-config="true" signature="setup(java.lang.String,java.lang.String)[pri:0, instance:testCases.LoginTest@94f6bfb]" started-at="2025-01-04T22:15:48 IST" name="setup" finished-at="2025-01-04T22:15:49 IST" duration-ms="1694" status="PASS">
          <params>
            <param index="0">
              <value>
                <![CDATA[Windows]]>
              </value>
            </param>
            <param index="1">
              <value>
                <![CDATA[chrome]]>
              </value>
            </param>
          </params>
          <reporter-output>
          </reporter-output>
        </test-method> <!-- setup -->
        <test-method signature="verifylogin()[pri:0, instance:testCases.LoginTest@94f6bfb]" started-at="2025-01-04T22:15:49 IST" name="verifylogin" finished-at="2025-01-04T22:15:51 IST" duration-ms="1188" status="PASS">
          <reporter-output>
          </reporter-output>
        </test-method> <!-- verifylogin -->
        <test-method is-config="true" signature="tearDown()[pri:0, instance:testCases.LoginTest@94f6bfb]" started-at="2025-01-04T22:15:51 IST" name="tearDown" finished-at="2025-01-04T22:15:51 IST" duration-ms="126" status="PASS">
          <reporter-output>
          </reporter-output>
        </test-method> <!-- tearDown -->
      </class> <!-- testCases.LoginTest -->
      <class name="testCases.AccountRegistrationTest">
        <test-method is-config="true" signature="setup(java.lang.String,java.lang.String)[pri:0, instance:testCases.AccountRegistrationTest@2cf23c81]" started-at="2025-01-04T22:15:43 IST" name="setup" finished-at="2025-01-04T22:15:46 IST" duration-ms="2314" status="PASS">
          <params>
            <param index="0">
              <value>
                <![CDATA[Windows]]>
              </value>
            </param>
            <param index="1">
              <value>
                <![CDATA[chrome]]>
              </value>
            </param>
          </params>
          <reporter-output>
          </reporter-output>
        </test-method> <!-- setup -->
        <test-method signature="verifyaccountregistration()[pri:0, instance:testCases.AccountRegistrationTest@2cf23c81]" started-at="2025-01-04T22:15:46 IST" name="verifyaccountregistration" finished-at="2025-01-04T22:15:47 IST" duration-ms="1710" status="PASS">
          <reporter-output>
          </reporter-output>
        </test-method> <!-- verifyaccountregistration -->
        <test-method is-config="true" signature="tearDown()[pri:0, instance:testCases.AccountRegistrationTest@2cf23c81]" started-at="2025-01-04T22:15:47 IST" name="tearDown" finished-at="2025-01-04T22:15:48 IST" duration-ms="154" status="PASS">
          <reporter-output>
          </reporter-output>
        </test-method> <!-- tearDown -->
      </class> <!-- testCases.AccountRegistrationTest -->
    </test> <!-- Test -->
  </suite> <!-- Master Suite -->
</testng-results>
